<?xml version="1.0" encoding="UTF-8"?>
<testsuite xmlns:xsi="http://www.w3.org/2001/XMLSchema-instance" xsi:noNamespaceSchemaLocation="https://maven.apache.org/surefire/maven-surefire-plugin/xsd/surefire-test-report.xsd" name="org.training.nifi.processors.MyProcessorTest" time="0.171" tests="5" errors="0" skipped="0" failures="0">
  <properties>
    <property name="gopherProxySet" value="false"/>
    <property name="awt.toolkit" value="sun.lwawt.macosx.LWCToolkit"/>
    <property name="file.encoding.pkg" value="sun.io"/>
    <property name="java.specification.version" value="1.8"/>
    <property name="sun.cpu.isalist" value=""/>
    <property name="sun.jnu.encoding" value="UTF-8"/>
    <property name="java.class.path" value="/Users/nabeel/Development/traininig/nifi-processor/nifi-base-artifact-processors/target/test-classes:/Users/nabeel/Development/traininig/nifi-processor/nifi-base-artifact-processors/target/classes:/Users/nabeel/.m2/repository/org/apache/nifi/nifi-api/1.7.1/nifi-api-1.7.1.jar:/Users/nabeel/.m2/repository/org/apache/nifi/nifi-utils/1.7.1/nifi-utils-1.7.1.jar:/Users/nabeel/.m2/repository/org/apache/nifi/nifi-mock/1.7.1/nifi-mock-1.7.1.jar:/Users/nabeel/.m2/repository/org/apache/nifi/nifi-framework-api/1.7.1/nifi-framework-api-1.7.1.jar:/Users/nabeel/.m2/repository/org/apache/nifi/nifi-expression-language/1.7.1/nifi-expression-language-1.7.1.jar:/Users/nabeel/.m2/repository/org/antlr/antlr-runtime/3.5.2/antlr-runtime-3.5.2.jar:/Users/nabeel/.m2/repository/com/jayway/jsonpath/json-path/2.4.0/json-path-2.4.0.jar:/Users/nabeel/.m2/repository/net/minidev/json-smart/2.3/json-smart-2.3.jar:/Users/nabeel/.m2/repository/net/minidev/accessors-smart/1.2/accessors-smart-1.2.jar:/Users/nabeel/.m2/repository/org/ow2/asm/asm/5.0.4/asm-5.0.4.jar:/Users/nabeel/.m2/repository/com/fasterxml/jackson/core/jackson-databind/2.9.5/jackson-databind-2.9.5.jar:/Users/nabeel/.m2/repository/com/fasterxml/jackson/core/jackson-annotations/2.9.0/jackson-annotations-2.9.0.jar:/Users/nabeel/.m2/repository/com/fasterxml/jackson/core/jackson-core/2.9.5/jackson-core-2.9.5.jar:/Users/nabeel/.m2/repository/org/apache/commons/commons-lang3/3.7/commons-lang3-3.7.jar:/Users/nabeel/.m2/repository/org/apache/nifi/nifi-data-provenance-utils/1.7.1/nifi-data-provenance-utils-1.7.1.jar:/Users/nabeel/.m2/repository/org/apache/nifi/nifi-security-utils/1.7.1/nifi-security-utils-1.7.1.jar:/Users/nabeel/.m2/repository/commons-codec/commons-codec/1.11/commons-codec-1.11.jar:/Users/nabeel/.m2/repository/org/bouncycastle/bcpkix-jdk15on/1.59/bcpkix-jdk15on-1.59.jar:/Users/nabeel/.m2/repository/org/bouncycastle/bcprov-jdk15on/1.59/bcprov-jdk15on-1.59.jar:/Users/nabeel/.m2/repository/org/apache/nifi/nifi-properties-loader/1.7.1/nifi-properties-loader-1.7.1.jar:/Users/nabeel/.m2/repository/org/apache/nifi/nifi-properties/1.7.1/nifi-properties-1.7.1.jar:/Users/nabeel/.m2/repository/org/slf4j/slf4j-simple/1.7.25/slf4j-simple-1.7.25.jar:/Users/nabeel/.m2/repository/org/slf4j/slf4j-api/1.7.25/slf4j-api-1.7.25.jar:/Users/nabeel/.m2/repository/junit/junit/4.12/junit-4.12.jar:/Users/nabeel/.m2/repository/org/hamcrest/hamcrest-core/1.3/hamcrest-core-1.3.jar:/Users/nabeel/.m2/repository/org/mockito/mockito-core/1.10.19/mockito-core-1.10.19.jar:/Users/nabeel/.m2/repository/org/objenesis/objenesis/2.1/objenesis-2.1.jar:/Users/nabeel/.m2/repository/org/codehaus/groovy/groovy-all/2.4.13/groovy-all-2.4.13.jar:"/>
    <property name="java.vm.vendor" value="Oracle Corporation"/>
    <property name="sun.arch.data.model" value="64"/>
    <property name="java.vendor.url" value="http://java.oracle.com/"/>
    <property name="user.timezone" value=""/>
    <property name="java.vm.specification.version" value="1.8"/>
    <property name="os.name" value="Mac OS X"/>
    <property name="user.country" value="GB"/>
    <property name="sun.java.launcher" value="SUN_STANDARD"/>
    <property name="sun.boot.library.path" value="/Library/Java/JavaVirtualMachines/jdk1.8.0_181.jdk/Contents/Home/jre/lib"/>
    <property name="sun.java.command" value="/Users/nabeel/Development/traininig/nifi-processor/nifi-base-artifact-processors/target/surefire/surefirebooter6310248855621921503.jar /Users/nabeel/Development/traininig/nifi-processor/nifi-base-artifact-processors/target/surefire 2018-10-16T17-54-04_985-jvmRun1 surefire3105013040550416662tmp surefire_08510386304778587217tmp"/>
    <property name="http.nonProxyHosts" value="local|*.local|169.254/16|*.169.254/16"/>
    <property name="surefire.test.class.path" value="/Users/nabeel/Development/traininig/nifi-processor/nifi-base-artifact-processors/target/test-classes:/Users/nabeel/Development/traininig/nifi-processor/nifi-base-artifact-processors/target/classes:/Users/nabeel/.m2/repository/org/apache/nifi/nifi-api/1.7.1/nifi-api-1.7.1.jar:/Users/nabeel/.m2/repository/org/apache/nifi/nifi-utils/1.7.1/nifi-utils-1.7.1.jar:/Users/nabeel/.m2/repository/org/apache/nifi/nifi-mock/1.7.1/nifi-mock-1.7.1.jar:/Users/nabeel/.m2/repository/org/apache/nifi/nifi-framework-api/1.7.1/nifi-framework-api-1.7.1.jar:/Users/nabeel/.m2/repository/org/apache/nifi/nifi-expression-language/1.7.1/nifi-expression-language-1.7.1.jar:/Users/nabeel/.m2/repository/org/antlr/antlr-runtime/3.5.2/antlr-runtime-3.5.2.jar:/Users/nabeel/.m2/repository/com/jayway/jsonpath/json-path/2.4.0/json-path-2.4.0.jar:/Users/nabeel/.m2/repository/net/minidev/json-smart/2.3/json-smart-2.3.jar:/Users/nabeel/.m2/repository/net/minidev/accessors-smart/1.2/accessors-smart-1.2.jar:/Users/nabeel/.m2/repository/org/ow2/asm/asm/5.0.4/asm-5.0.4.jar:/Users/nabeel/.m2/repository/com/fasterxml/jackson/core/jackson-databind/2.9.5/jackson-databind-2.9.5.jar:/Users/nabeel/.m2/repository/com/fasterxml/jackson/core/jackson-annotations/2.9.0/jackson-annotations-2.9.0.jar:/Users/nabeel/.m2/repository/com/fasterxml/jackson/core/jackson-core/2.9.5/jackson-core-2.9.5.jar:/Users/nabeel/.m2/repository/org/apache/commons/commons-lang3/3.7/commons-lang3-3.7.jar:/Users/nabeel/.m2/repository/org/apache/nifi/nifi-data-provenance-utils/1.7.1/nifi-data-provenance-utils-1.7.1.jar:/Users/nabeel/.m2/repository/org/apache/nifi/nifi-security-utils/1.7.1/nifi-security-utils-1.7.1.jar:/Users/nabeel/.m2/repository/commons-codec/commons-codec/1.11/commons-codec-1.11.jar:/Users/nabeel/.m2/repository/org/bouncycastle/bcpkix-jdk15on/1.59/bcpkix-jdk15on-1.59.jar:/Users/nabeel/.m2/repository/org/bouncycastle/bcprov-jdk15on/1.59/bcprov-jdk15on-1.59.jar:/Users/nabeel/.m2/repository/org/apache/nifi/nifi-properties-loader/1.7.1/nifi-properties-loader-1.7.1.jar:/Users/nabeel/.m2/repository/org/apache/nifi/nifi-properties/1.7.1/nifi-properties-1.7.1.jar:/Users/nabeel/.m2/repository/org/slf4j/slf4j-simple/1.7.25/slf4j-simple-1.7.25.jar:/Users/nabeel/.m2/repository/org/slf4j/slf4j-api/1.7.25/slf4j-api-1.7.25.jar:/Users/nabeel/.m2/repository/junit/junit/4.12/junit-4.12.jar:/Users/nabeel/.m2/repository/org/hamcrest/hamcrest-core/1.3/hamcrest-core-1.3.jar:/Users/nabeel/.m2/repository/org/mockito/mockito-core/1.10.19/mockito-core-1.10.19.jar:/Users/nabeel/.m2/repository/org/objenesis/objenesis/2.1/objenesis-2.1.jar:/Users/nabeel/.m2/repository/org/codehaus/groovy/groovy-all/2.4.13/groovy-all-2.4.13.jar:"/>
    <property name="sun.cpu.endian" value="little"/>
    <property name="user.home" value="/Users/nabeel"/>
    <property name="user.language" value="en"/>
    <property name="java.specification.vendor" value="Oracle Corporation"/>
    <property name="java.home" value="/Library/Java/JavaVirtualMachines/jdk1.8.0_181.jdk/Contents/Home/jre"/>
    <property name="basedir" value="/Users/nabeel/Development/traininig/nifi-processor/nifi-base-artifact-processors"/>
    <property name="file.separator" value="/"/>
    <property name="line.separator" value="&#10;"/>
    <property name="java.vm.specification.vendor" value="Oracle Corporation"/>
    <property name="java.specification.name" value="Java Platform API Specification"/>
    <property name="java.awt.graphicsenv" value="sun.awt.CGraphicsEnvironment"/>
    <property name="java.awt.headless" value="true"/>
    <property name="surefire.real.class.path" value="/Users/nabeel/Development/traininig/nifi-processor/nifi-base-artifact-processors/target/surefire/surefirebooter6310248855621921503.jar"/>
    <property name="sun.boot.class.path" value="/Library/Java/JavaVirtualMachines/jdk1.8.0_181.jdk/Contents/Home/jre/lib/resources.jar:/Library/Java/JavaVirtualMachines/jdk1.8.0_181.jdk/Contents/Home/jre/lib/rt.jar:/Library/Java/JavaVirtualMachines/jdk1.8.0_181.jdk/Contents/Home/jre/lib/sunrsasign.jar:/Library/Java/JavaVirtualMachines/jdk1.8.0_181.jdk/Contents/Home/jre/lib/jsse.jar:/Library/Java/JavaVirtualMachines/jdk1.8.0_181.jdk/Contents/Home/jre/lib/jce.jar:/Library/Java/JavaVirtualMachines/jdk1.8.0_181.jdk/Contents/Home/jre/lib/charsets.jar:/Library/Java/JavaVirtualMachines/jdk1.8.0_181.jdk/Contents/Home/jre/lib/jfr.jar:/Library/Java/JavaVirtualMachines/jdk1.8.0_181.jdk/Contents/Home/jre/classes"/>
    <property name="sun.management.compiler" value="HotSpot 64-Bit Tiered Compilers"/>
    <property name="ftp.nonProxyHosts" value="local|*.local|169.254/16|*.169.254/16"/>
    <property name="java.runtime.version" value="1.8.0_181-b13"/>
    <property name="java.net.preferIPv4Stack" value="true"/>
    <property name="user.name" value="nabeel"/>
    <property name="path.separator" value=":"/>
    <property name="os.version" value="10.13.6"/>
    <property name="java.endorsed.dirs" value="/Library/Java/JavaVirtualMachines/jdk1.8.0_181.jdk/Contents/Home/jre/lib/endorsed"/>
    <property name="java.runtime.name" value="Java(TM) SE Runtime Environment"/>
    <property name="file.encoding" value="UTF-8"/>
    <property name="java.vm.name" value="Java HotSpot(TM) 64-Bit Server VM"/>
    <property name="localRepository" value="/Users/nabeel/.m2/repository"/>
    <property name="java.vendor.url.bug" value="http://bugreport.sun.com/bugreport/"/>
    <property name="java.io.tmpdir" value="/var/folders/vk/bfjy0f1n0rscflvdz2n8l2340000gn/T/"/>
    <property name="java.version" value="1.8.0_181"/>
    <property name="user.dir" value="/Users/nabeel/Development/traininig/nifi-processor/nifi-base-artifact-processors"/>
    <property name="os.arch" value="x86_64"/>
    <property name="java.vm.specification.name" value="Java Virtual Machine Specification"/>
    <property name="java.awt.printerjob" value="sun.lwawt.macosx.CPrinterJob"/>
    <property name="sun.os.patch.level" value="unknown"/>
    <property name="java.library.path" value="/Users/nabeel/Library/Java/Extensions:/Library/Java/Extensions:/Network/Library/Java/Extensions:/System/Library/Java/Extensions:/usr/lib/java:."/>
    <property name="java.vm.info" value="mixed mode"/>
    <property name="java.vendor" value="Oracle Corporation"/>
    <property name="java.vm.version" value="25.181-b13"/>
    <property name="java.ext.dirs" value="/Users/nabeel/Library/Java/Extensions:/Library/Java/JavaVirtualMachines/jdk1.8.0_181.jdk/Contents/Home/jre/lib/ext:/Library/Java/Extensions:/Network/Library/Java/Extensions:/System/Library/Java/Extensions:/usr/lib/java"/>
    <property name="sun.io.unicode.encoding" value="UnicodeBig"/>
    <property name="java.class.version" value="52.0"/>
    <property name="socksNonProxyHosts" value="local|*.local|169.254/16|*.169.254/16"/>
  </properties>
  <testcase name="testProcessorIsValidWhenMandatoryPropertyIsSpecified" classname="org.training.nifi.processors.MyProcessorTest" time="0.089"/>
  <testcase name="testNothingIsTransferredWhenNoFlowFileInQueue" classname="org.training.nifi.processors.MyProcessorTest" time="0.007"/>
  <testcase name="testProcessorTransfersSuccesWithCorrectInput" classname="org.training.nifi.processors.MyProcessorTest" time="0.008"/>
  <testcase name="testProcessorTransfersFailureWithNullInput" classname="org.training.nifi.processors.MyProcessorTest" time="0.001"/>
  <testcase name="testProcessorIsInvalidWhenMissingMandatoryProperties" classname="org.training.nifi.processors.MyProcessorTest" time="0"/>
</testsuite>